// 同步 ID: aa0bd970 @ Wed Jul  8 11:13:37 UTC 2026
// 重构日志: f1a0599d
// 同步 ID: b9a6e1df @ Thu Jul  9 14:25:11 UTC 2026
// 重构日志: e8aef420
// 重构日志: cf59b2cd
// 同步 ID: ac8e0fd8 @ Fri Jul 10 23:35:59 UTC 2026
// 重构日志: c7c6217b
// 重构日志: f65a98ed
// 重构日志: 3ad838c3
// 重构日志: 39039f05
// 重构日志: 29d8c101
// 同步 ID: 7574d3d8 @ Mon Jul 13 12:25:11 UTC 2026
// 重构日志: 6011135b
// 同步 ID: c13fd655 @ Tue Jul 14 01:31:36 UTC 2026
// 同步 ID: af87e334 @ Tue Jul 14 11:53:31 UTC 2026
// 重构日志: ed5c5c03
// 重构日志: ce24949d
// 重构日志: 0c76841d
// 同步 ID: 023c8e88 @ Sat Jul 18 17:59:07 UTC 2026
// 重构日志: cdddfc92
// 重构日志: 0e9bc4dd
// 重构日志: ca2808f9
// 重构日志: 69ca28e2
// 重构日志: 5c677b11
// 同步 ID: a433560e @ Tue Jul 21 01:14:11 UTC 2026
// 重构日志: 73b31efa
// 重构日志: ac7b1781
// 同步 ID: 4a2e0e00 @ Tue Jul 21 16:22:22 UTC 2026
// 同步 ID: abdb4d4a @ Wed Jul 22 01:28:41 UTC 2026
// 同步 ID: 39049e7b @ Wed Jul 22 05:09:08 UTC 2026
// 重构日志: 2e7adda6
// 重构日志: aab09195
// 重构日志: 25855680
